<?xml version="1.0" encoding="UTF-8"?>
<testng-results ignored="0" total="1" passed="1" failed="0" skipped="0">
  <reporter-output>
  </reporter-output>
  <suite started-at="2026-02-09T16:16:38 IST" name="Functional Suite" finished-at="2026-02-09T16:16:45 IST" duration-ms="7595">
    <groups>
    </groups>
    <test started-at="2026-02-09T16:16:38 IST" name="Functional Test" finished-at="2026-02-09T16:16:45 IST" duration-ms="7595">
      <class name="com.tests.LoginTest">
        <test-method is-config="true" signature="setUp()[pri:0, instance:com.tests.LoginTest@5c5eefef]" started-at="2026-02-09T16:16:38 IST" name="setUp" finished-at="2026-02-09T16:16:41 IST" duration-ms="3545" status="PASS">
          <reporter-output>
          </reporter-output>
        </test-method> <!-- setUp -->
        <test-method signature="checkLoginWithValidCredentials()[pri:0, instance:com.tests.LoginTest@5c5eefef]" started-at="2026-02-09T16:16:41 IST" name="checkLoginWithValidCredentials" finished-at="2026-02-09T16:16:45 IST" duration-ms="3515" status="PASS">
          <reporter-output>
          </reporter-output>
        </test-method> <!-- checkLoginWithValidCredentials -->
        <test-method is-config="true" signature="tearDown()[pri:0, instance:com.tests.LoginTest@5c5eefef]" started-at="2026-02-09T16:16:45 IST" name="tearDown" finished-at="2026-02-09T16:16:45 IST" duration-ms="434" status="PASS">
          <reporter-output>
          </reporter-output>
        </test-method> <!-- tearDown -->
      </class> <!-- com.tests.LoginTest -->
    </test> <!-- Functional Test -->
  </suite> <!-- Functional Suite -->
</testng-results>
